[2020-02-11 04:02:19][DEBUG] UPLOAD [ - video03769.mp4]
[2020-02-11 04:02:01][DEBUG] UPLOAD [FF05 - video03769.mp4]
[2020-02-11 04:02:01][ERROR] Upload ERROR [0]
[2020-02-11 04:02:01][ERROR] Wrong File Type (mp4)
[2020-02-11 04:02:31][DEBUG] UPLOAD [FF05 - video03769.mp4]
[2020-02-11 04:02:31][ERROR] Upload ERROR [0]
[2020-02-11 04:02:31][ERROR] Wrong File Type (mp4)
[2020-02-11 04:02:52][DEBUG] UPLOAD [FF08 - sample1.mp4]
[2020-02-11 04:02:52][ERROR] Upload ERROR [0]
[2020-02-11 04:02:52][DEBUG] Upload Successful [../mnt/uploads/sample1.mp4] [sample1.mp4] [mp4]
[2020-02-11 04:02:20][DEBUG] UPLOAD [FF08 - sample1.mp4]
[2020-02-11 04:02:20][ERROR] Upload ERROR [0]
[2020-02-11 04:02:20][DEBUG] Upload Successful [../mnt/uploads/sample1.mp4] [sample1.mp4] [mp4]
[2020-02-11 04:02:47][DEBUG] UPLOAD [FF08 - sample1.mp4]
[2020-02-11 04:02:47][ERROR] Upload ERROR [0]
[2020-02-11 04:02:47][DEBUG] Upload Successful [../mnt/uploads/sample1.mp4] [sample1.mp4] [mp4]
[2020-02-11 04:02:55][DEBUG] UPLOAD [FF08 - sample1.mp4]
[2020-02-11 04:02:55][ERROR] Upload ERROR [0]
[2020-02-11 04:02:55][DEBUG] Upload Successful [../mnt/uploads/sample1.mp4] [sample1.mp4] [mp4]
[2020-02-11 04:02:40][DEBUG] UPLOAD [FF08 - sample1.mp4]
[2020-02-11 04:02:40][ERROR] Upload ERROR [0]
[2020-02-11 04:02:40][DEBUG] Upload Successful [../mnt/uploads/sample1.mp4] [sample1.mp4] [mp4]
[2020-02-11 04:02:09][DEBUG] UPLOAD [FF08 - sample1.mp4]
[2020-02-11 04:02:09][ERROR] Upload ERROR [0]
[2020-02-11 04:02:09][DEBUG] Upload Successful [../mnt/uploads/sample1.mp4] [sample1.mp4] [mp4]
[2020-02-11 04:02:11][DEBUG] UPLOAD [FF08 - sample1.mp4]
[2020-02-11 04:02:11][ERROR] Upload ERROR [0]
[2020-02-11 04:02:11][DEBUG] Upload Successful [../mnt/uploads/sample1.mp4] [sample1.mp4] [mp4]
[2020-02-11 04:02:26][DEBUG] UPLOAD [ - ]
[2020-02-11 04:02:55][DEBUG] UPLOAD [FF08 - sample1.mp4]
[2020-02-11 04:02:55][ERROR] Upload ERROR [0]
[2020-02-11 04:02:55][DEBUG] Upload Successful [../mnt/uploads/sample1.mp4] [sample1.mp4] [mp4]
[2020-02-11 04:02:26][DEBUG] UPLOAD [FF08 - sample1.mp4]
[2020-02-11 04:02:26][ERROR] Upload ERROR [0]
[2020-02-11 04:02:26][DEBUG] Upload Successful [../mnt/uploads/sample1.mp4] [sample1.mp4] [mp4]
[2020-02-11 04:02:00][DEBUG] UPLOAD [FF08 - sample1.mp4]
[2020-02-11 04:02:00][ERROR] Upload ERROR [0]
[2020-02-11 04:02:00][DEBUG] Upload Successful [../mnt/uploads/sample1.mp4] [sample1.mp4] [mp4]
[2020-02-11 04:02:54][DEBUG] UPLOAD [FF08 - sample1.mp4]
[2020-02-11 04:02:54][ERROR] Upload ERROR [0]
[2020-02-11 04:02:54][DEBUG] Upload Successful [../mnt/uploads/sample1.mp4] [sample1.mp4] [mp4]
[2020-02-11 04:02:08][DEBUG] UPLOAD [FF08 - sample1.mp4]
[2020-02-11 04:02:08][ERROR] Upload ERROR [0]
[2020-02-11 04:02:08][DEBUG] Upload Successful [../mnt/uploads/sample1.mp4] [sample1.mp4] [mp4]
[2020-02-11 04:02:29][DEBUG] UPLOAD [FF08 - sample1.mp4]
[2020-02-11 04:02:29][ERROR] Upload ERROR [0]
[2020-02-11 04:02:29][DEBUG] Upload Successful [../mnt/uploads/sample1.mp4] [sample1.mp4] [mp4]
[2020-02-11 04:02:52][DEBUG] UPLOAD [FF08 - sample1.mp4]
[2020-02-11 04:02:52][ERROR] Upload ERROR [0]
[2020-02-11 04:02:52][DEBUG] Upload Successful [../mnt/uploads/sample1.mp4] [sample1.mp4] [mp4]
[2020-02-11 04:02:35][DEBUG] UPLOAD [FF08 - sample1.mp4]
[2020-02-11 04:02:35][ERROR] Upload ERROR [0]
[2020-02-11 04:02:35][DEBUG] Upload Successful [../mnt/uploads/sample1.mp4] [sample1.mp4] [mp4]
[2020-02-11 04:02:58][DEBUG] UPLOAD [FF08 - sample1.mp4]
[2020-02-11 04:02:58][ERROR] Upload ERROR [0]
[2020-02-11 04:02:58][DEBUG] Upload Successful [../mnt/uploads/sample1.mp4] [sample1.mp4] [mp4]
[2020-02-11 05:02:47][DEBUG] UPLOAD [FF08 - sample1.mp4]
[2020-02-11 05:02:47][ERROR] Upload ERROR [0]
[2020-02-11 05:02:47][DEBUG] Upload Successful [../mnt/uploads/sample1.mp4] [sample1.mp4] [mp4]
[2020-02-11 05:02:18][DEBUG] UPLOAD [FF08 - sample1.mp4]
[2020-02-11 05:02:18][ERROR] Upload ERROR [0]
[2020-02-11 05:02:18][DEBUG] Upload Successful [../mnt/uploads/sample1.mp4] [sample1.mp4] [mp4]
[2020-02-11 05:02:49][DEBUG] UPLOAD [FF06 - maxresdefault.jpg]
[2020-02-11 05:02:14][DEBUG] UPLOAD [FF06 - maxresdefault.jpg]
[2020-02-11 05:02:54][DEBUG] UPLOAD [FF07 - audio03766.mp3]
[2020-02-11 05:02:54][ERROR] Upload ERROR [0]
[2020-02-11 05:02:54][DEBUG] Upload Successful [../mnt/uploads/audio03766.mp3] [audio03766.mp3] [mp3]
[2020-02-11 05:02:37][DEBUG] UPLOAD [FF06 - maxresdefault.jpg]
[2020-02-11 05:02:02][DEBUG] UPLOAD [FF02 - maxresdefault.jpg]
[2020-02-11 05:02:28][DEBUG] UPLOAD [FF02 - maxresdefault.jpg]
[2020-02-11 05:02:23][DEBUG] UPLOAD [FF02 - maxresdefault.jpg]
[2020-02-11 05:02:36][DEBUG] UPLOAD [FF01 - maxresdefault.jpg]
[2020-02-11 05:02:51][DEBUG] UPLOAD [FF02 - maxresdefault.jpg]
[2020-02-11 05:02:12][DEBUG] UPLOAD [FF01 - maxresdefault.jpg]
[2020-02-11 05:02:29][DEBUG] UPLOAD [FF01 - maxresdefault.jpg]
[2020-02-11 05:02:20][DEBUG] UPLOAD [FF01 - maxresdefault.jpg]
[2020-02-11 05:02:40][DEBUG] UPLOAD [FF01 - maxresdefault.jpg]
[2020-02-11 05:02:14][DEBUG] UPLOAD [FF06 - maxresdefault.jpg]
[2020-02-11 05:02:10][DEBUG] UPLOAD [FF06 - maxresdefault.jpg]
[2020-02-11 05:02:23][DEBUG] UPLOAD [ - video03769.mp4]
[2020-02-11 05:02:06][DEBUG] UPLOAD [FF08 - video03769.mp4]
[2020-02-11 05:02:06][ERROR] Upload ERROR [0]
[2020-02-11 05:02:06][DEBUG] Upload Successful [../mnt/uploads/video03769.mp4] [video03769.mp4] [mp4]
[2020-02-11 05:02:08][DEBUG] UPLOAD [FF06 - maxresdefault.jpg]
[2020-02-11 07:02:07][DEBUG] UPLOAD [FF05 - maxresdefault.jpg]
[2020-02-11 07:02:07][ERROR] Upload ERROR [0]
[2020-02-11 07:02:07][DEBUG] Upload Successful [../mnt/uploads/maxresdefault.jpg] [maxresdefault.jpg] [jpg]
[2020-02-11 07:02:20][DEBUG] UPLOAD [FF01 - maxresdefault.jpg]
[2020-02-11 07:02:20][ERROR] Upload ERROR [0]
[2020-02-11 07:02:20][DEBUG] Upload Successful [../mnt/uploads/maxresdefault.jpg] [maxresdefault.jpg] [jpg]
[2020-02-11 07:02:26][DEBUG] UPLOAD [FF02 - maxresdefault.jpg]
[2020-02-11 07:02:26][ERROR] Upload ERROR [0]
[2020-02-11 07:02:26][DEBUG] Upload Successful [../mnt/uploads/maxresdefault.jpg] [maxresdefault.jpg] [jpg]
[2020-02-11 07:02:59][DEBUG] UPLOAD [FF05 - maxresdefault.jpg]
[2020-02-11 07:02:59][ERROR] Upload ERROR [0]
[2020-02-11 07:02:59][DEBUG] Upload Successful [../mnt/uploads/maxresdefault.jpg] [maxresdefault.jpg] [jpg]
