[2020-02-02 03:02:54][ERROR] Upload ERROR
[2020-02-02 03:02:54][ERROR] Error saving file
[2020-02-02 03:02:22][ERROR] Upload ERROR
[2020-02-02 03:02:22][ERROR] Error saving file
[2020-02-02 03:02:54][ERROR] Upload ERROR
[2020-02-02 03:02:54][ERROR] Error saving file
[2020-02-02 03:02:29][ERROR] Upload ERROR
[2020-02-02 03:02:29][ERROR] Error saving file
[2020-02-02 03:02:34][ERROR] Upload ERROR
[2020-02-02 03:02:34][ERROR] Error saving file
[2020-02-02 03:02:45][ERROR] Upload ERROR
[2020-02-02 03:02:45][ERROR] Error saving file
[2020-02-02 03:02:21][ERROR] Upload ERROR
[2020-02-02 03:02:21][ERROR] Error saving file
[2020-02-02 03:02:44][ERROR] Upload ERROR
[2020-02-02 03:02:44][ERROR] Error saving file
[2020-02-02 03:02:26][ERROR] Upload ERROR
[2020-02-02 03:02:26][ERROR] Error saving file
[2020-02-02 03:02:28][ERROR] Upload ERROR
[2020-02-02 03:02:28][ERROR] Error saving file
[2020-02-02 03:02:19][ERROR] Upload ERROR
[2020-02-02 03:02:19][ERROR] Error saving file
[2020-02-02 03:02:21][ERROR] Upload ERROR
[2020-02-02 03:02:21][ERROR] Error saving file
[2020-02-02 03:02:10][ERROR] Upload ERROR
[2020-02-02 03:02:10][ERROR] Error saving file
[2020-02-02 03:02:12][ERROR] Upload ERROR
[2020-02-02 03:02:12][ERROR] Error saving file
[2020-02-02 03:02:13][ERROR] Upload ERROR
[2020-02-02 03:02:13][ERROR] Error saving file
[2020-02-02 03:02:55][ERROR] Upload ERROR
[2020-02-02 03:02:55][DEBUG] Upload Successful
[2020-02-02 03:02:08][ERROR] Upload ERROR
[2020-02-02 03:02:08][DEBUG] Upload Successful
[2020-02-02 03:02:43][ERROR] Upload ERROR
[2020-02-02 03:02:43][DEBUG] Upload Successful
[2020-02-02 03:02:28][ERROR] Upload ERROR
[2020-02-02 03:02:28][DEBUG] Upload Successful
[2020-02-02 03:02:05][ERROR] Upload ERROR
[2020-02-02 03:02:05][DEBUG] Upload Successful
[2020-02-02 03:02:10][ERROR] Upload ERROR
[2020-02-02 03:02:10][DEBUG] Upload Successful
[2020-02-02 03:02:29][ERROR] Upload ERROR
[2020-02-02 03:02:29][DEBUG] Upload Successful
[2020-02-02 03:02:07][ERROR] Upload ERROR
[2020-02-02 03:02:07][DEBUG] Upload Successful
[2020-02-02 03:02:18][ERROR] Upload ERROR
[2020-02-02 03:02:18][DEBUG] Upload Successful
[2020-02-02 03:02:36][ERROR] Upload ERROR
[2020-02-02 03:02:36][DEBUG] Upload Successful
[2020-02-02 03:02:49][ERROR] Upload ERROR
[2020-02-02 03:02:49][DEBUG] Upload Successful
[2020-02-02 03:02:59][ERROR] Upload ERROR
[2020-02-02 03:02:59][DEBUG] Upload Successful
[2020-02-02 03:02:36][ERROR] Upload ERROR
[2020-02-02 03:02:36][DEBUG] Upload Successful
[2020-02-02 04:02:05][ERROR] No File Input
[2020-02-02 04:02:05][ERROR] Wrong File Type ()
[2020-02-02 04:02:30][ERROR] Upload ERROR
[2020-02-02 04:02:30][DEBUG] Upload Successful
