[2020-02-04 03:02:59][ERROR] Upload ERROR [0]
[2020-02-04 03:02:59][ERROR] Error saving file
[2020-02-04 03:02:37][ERROR] Upload ERROR [0]
[2020-02-04 03:02:37][DEBUG] Upload Successful [/var/www/html/public/mnt/uploads/Videos/sample.mp4]
[2020-02-04 03:02:23][ERROR] Upload ERROR [0]
[2020-02-04 03:02:23][DEBUG] Upload Successful [/var/www/html/public/mnt/uploads/Videos/sample.mp4]
[2020-02-04 03:02:59][ERROR] Upload ERROR [0]
[2020-02-04 03:02:59][DEBUG] Upload Successful [/var/www/html/public/mnt/uploads/sample.mp4]
[2020-02-04 03:02:48][ERROR] Upload ERROR [0]
[2020-02-04 03:02:48][DEBUG] Upload Successful [/var/www/html/public/mnt/uploads/sample.mp4] [sample.mp4] [mp4]
[2020-02-04 03:02:14][ERROR] Upload ERROR [0]
[2020-02-04 03:02:14][DEBUG] Upload Successful [/var/www/html/public/mnt/uploads/sample.mp4] [sample.mp4] [mp4]
[2020-02-04 03:02:14][ERROR] Upload ERROR [0]
[2020-02-04 03:02:14][DEBUG] Upload Successful [/var/www/html/public/mnt/uploads/sample.mp4] [sample.mp4] [mp4]
[2020-02-04 03:02:20][ERROR] SQL [insert into t_entryinfo select max(E_ROWID)+1,'RA','B06','Ｒ＆Ｄ支部','test8', curdate(), '', '', 'test8','test8','',0,0,0, '', '','','', 0, '' from t_entryinfo;]
[2020-02-04 03:02:37][ERROR] Upload ERROR [0]
[2020-02-04 03:02:37][DEBUG] Upload Successful [/var/www/html/public/mnt/uploads/sample.mp4] [sample.mp4] [mp4]
[2020-02-04 03:02:31][ERROR] Upload ERROR [0]
[2020-02-04 03:02:31][DEBUG] Upload Successful [/var/www/html/public/mnt/uploads/sample.mp4] [sample.mp4] [mp4]
[2020-02-04 03:02:35][ERROR] Upload ERROR [0]
[2020-02-04 03:02:35][DEBUG] Upload Successful [/var/www/html/public/mnt/uploads/sample.mp4] [sample.mp4] [mp4]
[2020-02-04 04:02:32][ERROR] File Size Error [1]
[2020-02-04 04:02:32][ERROR] File Size Too Big [1]
[2020-02-04 04:02:40][ERROR] No File Input [4]
[2020-02-04 04:02:40][ERROR] Wrong File Type ()
[2020-02-04 04:02:53][ERROR] No File Input [4]
[2020-02-04 04:02:53][ERROR] Wrong File Type ()
[2020-02-04 04:02:54][ERROR] No File Input [4]
[2020-02-04 04:02:54][ERROR] Wrong File Type ()
[2020-02-04 04:02:56][ERROR] No File Input [4]
[2020-02-04 04:02:56][ERROR] Wrong File Type ()
[2020-02-04 04:02:55][ERROR] No File Input [4]
[2020-02-04 04:02:55][ERROR] Wrong File Type ()
[2020-02-04 04:02:30][ERROR] No File Input [4]
[2020-02-04 04:02:30][ERROR] Wrong File Type ()
[2020-02-04 04:02:42][ERROR] No File Input [4]
[2020-02-04 04:02:42][ERROR] Wrong File Type ()
[2020-02-04 04:02:44][ERROR] No File Input [4]
[2020-02-04 04:02:44][ERROR] Wrong File Type ()
[2020-02-04 04:02:08][ERROR] No File Input [4]
[2020-02-04 04:02:08][ERROR] Wrong File Type ()
[2020-02-04 04:02:18][ERROR] No File Input [4]
[2020-02-04 04:02:18][ERROR] Wrong File Type ()
[2020-02-04 04:02:21][ERROR] No File Input [4]
[2020-02-04 04:02:21][ERROR] Wrong File Type ()
[2020-02-04 04:02:46][ERROR] No File Input [4]
[2020-02-04 04:02:46][ERROR] Wrong File Type ()
[2020-02-04 04:02:00][ERROR] No File Input [4]
[2020-02-04 04:02:00][ERROR] Wrong File Type ()
[2020-02-04 04:02:01][ERROR] File Size Error [1]
[2020-02-04 04:02:01][ERROR] File Size Too Big [1]
[2020-02-04 04:02:12][ERROR] File Size Error [1]
[2020-02-04 04:02:12][ERROR] File Size Too Big [1]
[2020-02-04 04:02:57][ERROR] File Size Error [1]
[2020-02-04 04:02:57][ERROR] File Size Too Big [1]
[2020-02-04 04:02:02][ERROR] File Size Error [1]
[2020-02-04 04:02:02][ERROR] File Size Too Big [1]
[2020-02-04 04:02:16][ERROR] File Size Error [1]
[2020-02-04 04:02:16][ERROR] File Size Too Big [1]
[2020-02-04 04:02:37][ERROR] File Size Error [1]
[2020-02-04 04:02:37][ERROR] File Size Too Big [1]
[2020-02-04 04:02:35][ERROR] File Size Error [1]
[2020-02-04 04:02:35][ERROR] File Size Too Big [1]
[2020-02-04 04:02:11][ERROR] File Size Error [1]
[2020-02-04 04:02:11][ERROR] File Size Too Big [1]
[2020-02-04 04:02:10][ERROR] File Size Error [1]
[2020-02-04 04:02:10][ERROR] File Size Too Big [1]
[2020-02-04 05:02:15][ERROR] File Size Error [1]
[2020-02-04 05:02:15][ERROR] File Size Too Big [1]
[2020-02-04 08:02:22][ERROR] Upload ERROR [0]
[2020-02-04 08:02:22][DEBUG] Upload Successful [/var/www/html/public/mnt/uploads/sample.mp4] [sample.mp4] [mp4]
[2020-02-04 08:02:14][ERROR] Upload ERROR [0]
[2020-02-04 08:02:14][DEBUG] Upload Successful [/var/www/html/public/mnt/uploads/sample.mp4] [sample.mp4] [mp4]
[2020-02-04 08:02:16][ERROR] File Size Error [1]
[2020-02-04 08:02:16][ERROR] File Size Too Big [1]
[2020-02-04 09:02:32][ERROR] File Size Error [1]
[2020-02-04 09:02:32][ERROR] File Size Too Big [1]
[2020-02-04 09:02:14][ERROR] File Size Error [1]
[2020-02-04 09:02:14][ERROR] File Size Too Big [1]
[2020-02-04 09:02:02][ERROR] File Size Error [1]
[2020-02-04 09:02:02][ERROR] File Size Too Big [1]
[2020-02-04 09:02:06][ERROR] File Size Error [1]
[2020-02-04 09:02:06][ERROR] File Size Too Big [1]
[2020-02-04 09:02:47][ERROR] File Size Error [1]
[2020-02-04 09:02:47][ERROR] File Size Too Big [1]
[2020-02-04 09:02:51][ERROR] File Size Error [1]
[2020-02-04 09:02:51][ERROR] File Size Too Big [1]
[2020-02-04 09:02:59][ERROR] File Size Error [1]
[2020-02-04 09:02:59][ERROR] File Size Too Big [1]
[2020-02-04 09:02:55][ERROR] File Size Error [1]
[2020-02-04 09:02:55][ERROR] File Size Too Big [1]
[2020-02-04 09:02:16][ERROR] File Size Error [1]
[2020-02-04 09:02:16][ERROR] File Size Too Big [1]
[2020-02-04 09:02:13][ERROR] File Size Error [0]
[2020-02-04 09:02:13][ERROR] File Size Too Big [0]
[2020-02-04 09:02:04][ERROR] File Size Error [0]
[2020-02-04 09:02:04][ERROR] File Size Too Big [0]
[2020-02-04 09:02:43][ERROR] File Size Error [0]
[2020-02-04 09:02:43][ERROR] File Size Too Big [0]
[2020-02-04 10:02:50][ERROR] Upload ERROR [0]
[2020-02-04 10:02:50][DEBUG] Upload Successful [/var/www/html/public/mnt/uploads/sample.mp4] [sample.mp4] [mp4]
[2020-02-04 10:02:58][ERROR] File Size Error [0]
[2020-02-04 10:02:58][ERROR] File Size Too Big [0]
[2020-02-04 10:02:35][ERROR] Upload ERROR [0]
[2020-02-04 10:02:35][DEBUG] Upload Successful [/var/www/html/public/mnt/uploads/sample1.mp4] [sample1.mp4] [mp4]
[2020-02-04 10:02:26][DEBUG] UPLOAD [B071]
[2020-02-04 10:02:26][ERROR] File Size Error [0]
[2020-02-04 10:02:26][ERROR] File Size Too Big [0]
[2020-02-04 10:02:36][DEBUG] UPLOAD [B07 - file_example_MP3_5MG.mp3]
[2020-02-04 10:02:36][ERROR] File Size Error [0]
[2020-02-04 10:02:36][ERROR] File Size Too Big [0]
